<?xml version="1.0" encoding="UTF-8"?>
<testsuite xmlns:xsi="http://www.w3.org/2001/XMLSchema-instance" xsi:noNamespaceSchemaLocation="https://maven.apache.org/surefire/maven-surefire-plugin/xsd/surefire-test-report-3.0.xsd" version="3.0" name="TestSuite" time="42.675" tests="26" errors="0" skipped="0" failures="1">
  <properties>
    <property name="java.specification.version" value="17"/>
    <property name="sun.cpu.isalist" value="amd64"/>
    <property name="sun.jnu.encoding" value="Cp1252"/>
    <property name="java.class.path" value="C:\CTS_Project\Selenium-Docker\target\test-classes;C:\CTS_Project\Selenium-Docker\target\classes;C:\Users\97rou\.m2\repository\org\seleniumhq\selenium\selenium-java\4.16.0\selenium-java-4.16.0.jar;C:\Users\97rou\.m2\repository\org\seleniumhq\selenium\selenium-api\4.16.0\selenium-api-4.16.0.jar;C:\Users\97rou\.m2\repository\org\seleniumhq\selenium\selenium-chrome-driver\4.16.0\selenium-chrome-driver-4.16.0.jar;C:\Users\97rou\.m2\repository\com\google\auto\service\auto-service-annotations\1.1.1\auto-service-annotations-1.1.1.jar;C:\Users\97rou\.m2\repository\org\seleniumhq\selenium\selenium-chromium-driver\4.16.0\selenium-chromium-driver-4.16.0.jar;C:\Users\97rou\.m2\repository\org\seleniumhq\selenium\selenium-json\4.16.0\selenium-json-4.16.0.jar;C:\Users\97rou\.m2\repository\org\seleniumhq\selenium\selenium-manager\4.16.0\selenium-manager-4.16.0.jar;C:\Users\97rou\.m2\repository\org\seleniumhq\selenium\selenium-devtools-v118\4.16.0\selenium-devtools-v118-4.16.0.jar;C:\Users\97rou\.m2\repository\org\seleniumhq\selenium\selenium-devtools-v119\4.16.0\selenium-devtools-v119-4.16.0.jar;C:\Users\97rou\.m2\repository\org\seleniumhq\selenium\selenium-devtools-v120\4.16.0\selenium-devtools-v120-4.16.0.jar;C:\Users\97rou\.m2\repository\org\seleniumhq\selenium\selenium-devtools-v85\4.16.0\selenium-devtools-v85-4.16.0.jar;C:\Users\97rou\.m2\repository\org\seleniumhq\selenium\selenium-edge-driver\4.16.0\selenium-edge-driver-4.16.0.jar;C:\Users\97rou\.m2\repository\org\seleniumhq\selenium\selenium-firefox-driver\4.16.0\selenium-firefox-driver-4.16.0.jar;C:\Users\97rou\.m2\repository\org\seleniumhq\selenium\selenium-http\4.16.0\selenium-http-4.16.0.jar;C:\Users\97rou\.m2\repository\dev\failsafe\failsafe\3.3.2\failsafe-3.3.2.jar;C:\Users\97rou\.m2\repository\org\seleniumhq\selenium\selenium-ie-driver\4.16.0\selenium-ie-driver-4.16.0.jar;C:\Users\97rou\.m2\repository\org\seleniumhq\selenium\selenium-remote-driver\4.16.0\selenium-remote-driver-4.16.0.jar;C:\Users\97rou\.m2\repository\com\google\guava\guava\32.1.2-jre\guava-32.1.2-jre.jar;C:\Users\97rou\.m2\repository\com\google\guava\failureaccess\1.0.1\failureaccess-1.0.1.jar;C:\Users\97rou\.m2\repository\com\google\guava\listenablefuture\9999.0-empty-to-avoid-conflict-with-guava\listenablefuture-9999.0-empty-to-avoid-conflict-with-guava.jar;C:\Users\97rou\.m2\repository\com\google\code\findbugs\jsr305\3.0.2\jsr305-3.0.2.jar;C:\Users\97rou\.m2\repository\org\checkerframework\checker-qual\3.33.0\checker-qual-3.33.0.jar;C:\Users\97rou\.m2\repository\com\google\errorprone\error_prone_annotations\2.18.0\error_prone_annotations-2.18.0.jar;C:\Users\97rou\.m2\repository\com\google\j2objc\j2objc-annotations\2.8\j2objc-annotations-2.8.jar;C:\Users\97rou\.m2\repository\io\opentelemetry\opentelemetry-api\1.28.0\opentelemetry-api-1.28.0.jar;C:\Users\97rou\.m2\repository\io\opentelemetry\opentelemetry-context\1.28.0\opentelemetry-context-1.28.0.jar;C:\Users\97rou\.m2\repository\io\opentelemetry\opentelemetry-exporter-logging\1.28.0\opentelemetry-exporter-logging-1.28.0.jar;C:\Users\97rou\.m2\repository\io\opentelemetry\opentelemetry-sdk-metrics\1.28.0\opentelemetry-sdk-metrics-1.28.0.jar;C:\Users\97rou\.m2\repository\io\opentelemetry\opentelemetry-extension-incubator\1.28.0-alpha\opentelemetry-extension-incubator-1.28.0-alpha.jar;C:\Users\97rou\.m2\repository\io\opentelemetry\opentelemetry-sdk-logs\1.28.0\opentelemetry-sdk-logs-1.28.0.jar;C:\Users\97rou\.m2\repository\io\opentelemetry\opentelemetry-sdk-common\1.28.0\opentelemetry-sdk-common-1.28.0.jar;C:\Users\97rou\.m2\repository\io\opentelemetry\opentelemetry-sdk-extension-autoconfigure-spi\1.28.0\opentelemetry-sdk-extension-autoconfigure-spi-1.28.0.jar;C:\Users\97rou\.m2\repository\io\opentelemetry\opentelemetry-sdk-extension-autoconfigure\1.28.0\opentelemetry-sdk-extension-autoconfigure-1.28.0.jar;C:\Users\97rou\.m2\repository\io\opentelemetry\opentelemetry-api-events\1.28.0-alpha\opentelemetry-api-events-1.28.0-alpha.jar;C:\Users\97rou\.m2\repository\io\opentelemetry\opentelemetry-sdk-trace\1.28.0\opentelemetry-sdk-trace-1.28.0.jar;C:\Users\97rou\.m2\repository\io\opentelemetry\opentelemetry-sdk\1.28.0\opentelemetry-sdk-1.28.0.jar;C:\Users\97rou\.m2\repository\io\opentelemetry\opentelemetry-semconv\1.28.0-alpha\opentelemetry-semconv-1.28.0-alpha.jar;C:\Users\97rou\.m2\repository\net\bytebuddy\byte-buddy\1.14.5\byte-buddy-1.14.5.jar;C:\Users\97rou\.m2\repository\org\seleniumhq\selenium\selenium-os\4.16.0\selenium-os-4.16.0.jar;C:\Users\97rou\.m2\repository\org\apache\commons\commons-exec\1.3\commons-exec-1.3.jar;C:\Users\97rou\.m2\repository\org\seleniumhq\selenium\selenium-safari-driver\4.16.0\selenium-safari-driver-4.16.0.jar;C:\Users\97rou\.m2\repository\org\seleniumhq\selenium\selenium-support\4.16.0\selenium-support-4.16.0.jar;C:\Users\97rou\.m2\repository\ch\qos\logback\logback-classic\1.4.14\logback-classic-1.4.14.jar;C:\Users\97rou\.m2\repository\ch\qos\logback\logback-core\1.4.14\logback-core-1.4.14.jar;C:\Users\97rou\.m2\repository\org\slf4j\slf4j-api\2.0.7\slf4j-api-2.0.7.jar;C:\Users\97rou\.m2\repository\io\github\bonigarcia\webdrivermanager\5.5.3\webdrivermanager-5.5.3.jar;C:\Users\97rou\.m2\repository\com\google\code\gson\gson\2.10.1\gson-2.10.1.jar;C:\Users\97rou\.m2\repository\com\github\docker-java\docker-java\3.3.3\docker-java-3.3.3.jar;C:\Users\97rou\.m2\repository\com\github\docker-java\docker-java-core\3.3.3\docker-java-core-3.3.3.jar;C:\Users\97rou\.m2\repository\com\github\docker-java\docker-java-api\3.3.3\docker-java-api-3.3.3.jar;C:\Users\97rou\.m2\repository\commons-io\commons-io\2.6\commons-io-2.6.jar;C:\Users\97rou\.m2\repository\org\apache\commons\commons-compress\1.21\commons-compress-1.21.jar;C:\Users\97rou\.m2\repository\org\bouncycastle\bcpkix-jdk18on\1.75\bcpkix-jdk18on-1.75.jar;C:\Users\97rou\.m2\repository\org\bouncycastle\bcprov-jdk18on\1.75\bcprov-jdk18on-1.75.jar;C:\Users\97rou\.m2\repository\org\bouncycastle\bcutil-jdk18on\1.75\bcutil-jdk18on-1.75.jar;C:\Users\97rou\.m2\repository\org\slf4j\jcl-over-slf4j\1.7.30\jcl-over-slf4j-1.7.30.jar;C:\Users\97rou\.m2\repository\com\github\docker-java\docker-java-transport-httpclient5\3.3.3\docker-java-transport-httpclient5-3.3.3.jar;C:\Users\97rou\.m2\repository\com\github\docker-java\docker-java-transport\3.3.3\docker-java-transport-3.3.3.jar;C:\Users\97rou\.m2\repository\net\java\dev\jna\jna\5.12.1\jna-5.12.1.jar;C:\Users\97rou\.m2\repository\org\brotli\dec\0.1.2\dec-0.1.2.jar;C:\Users\97rou\.m2\repository\org\apache\commons\commons-lang3\3.13.0\commons-lang3-3.13.0.jar;C:\Users\97rou\.m2\repository\org\apache\httpcomponents\client5\httpclient5\5.2.1\httpclient5-5.2.1.jar;C:\Users\97rou\.m2\repository\org\apache\httpcomponents\core5\httpcore5\5.2\httpcore5-5.2.jar;C:\Users\97rou\.m2\repository\org\apache\httpcomponents\core5\httpcore5-h2\5.2\httpcore5-h2-5.2.jar;C:\Users\97rou\.m2\repository\com\fasterxml\jackson\core\jackson-databind\2.16.1\jackson-databind-2.16.1.jar;C:\Users\97rou\.m2\repository\com\fasterxml\jackson\core\jackson-annotations\2.16.1\jackson-annotations-2.16.1.jar;C:\Users\97rou\.m2\repository\com\fasterxml\jackson\core\jackson-core\2.16.1\jackson-core-2.16.1.jar;C:\Users\97rou\.m2\repository\org\testng\testng\7.9.0\testng-7.9.0.jar;C:\Users\97rou\.m2\repository\com\beust\jcommander\1.82\jcommander-1.82.jar;C:\Users\97rou\.m2\repository\org\webjars\jquery\3.7.1\jquery-3.7.1.jar;"/>
    <property name="java.vm.vendor" value="Oracle Corporation"/>
    <property name="sun.arch.data.model" value="64"/>
    <property name="user.variant" value=""/>
    <property name="java.vendor.url" value="https://java.oracle.com/"/>
    <property name="user.timezone" value="Asia/Calcutta"/>
    <property name="os.name" value="Windows 10"/>
    <property name="java.vm.specification.version" value="17"/>
    <property name="sun.java.launcher" value="SUN_STANDARD"/>
    <property name="user.country" value="IN"/>
    <property name="sun.boot.library.path" value="C:\Program Files\Java\jdk-17\bin"/>
    <property name="sun.java.command" value="C:\Users\97rou\AppData\Local\Temp\surefire13140245101616140836\surefirebooter-20240220205720685_3.jar C:\Users\97rou\AppData\Local\Temp\surefire13140245101616140836 2024-02-20T20-57-20_472-jvmRun1 surefire-20240220205720685_1tmp surefire_0-20240220205720685_2tmp"/>
    <property name="jdk.debug" value="release"/>
    <property name="surefire.test.class.path" value="C:\CTS_Project\Selenium-Docker\target\test-classes;C:\CTS_Project\Selenium-Docker\target\classes;C:\Users\97rou\.m2\repository\org\seleniumhq\selenium\selenium-java\4.16.0\selenium-java-4.16.0.jar;C:\Users\97rou\.m2\repository\org\seleniumhq\selenium\selenium-api\4.16.0\selenium-api-4.16.0.jar;C:\Users\97rou\.m2\repository\org\seleniumhq\selenium\selenium-chrome-driver\4.16.0\selenium-chrome-driver-4.16.0.jar;C:\Users\97rou\.m2\repository\com\google\auto\service\auto-service-annotations\1.1.1\auto-service-annotations-1.1.1.jar;C:\Users\97rou\.m2\repository\org\seleniumhq\selenium\selenium-chromium-driver\4.16.0\selenium-chromium-driver-4.16.0.jar;C:\Users\97rou\.m2\repository\org\seleniumhq\selenium\selenium-json\4.16.0\selenium-json-4.16.0.jar;C:\Users\97rou\.m2\repository\org\seleniumhq\selenium\selenium-manager\4.16.0\selenium-manager-4.16.0.jar;C:\Users\97rou\.m2\repository\org\seleniumhq\selenium\selenium-devtools-v118\4.16.0\selenium-devtools-v118-4.16.0.jar;C:\Users\97rou\.m2\repository\org\seleniumhq\selenium\selenium-devtools-v119\4.16.0\selenium-devtools-v119-4.16.0.jar;C:\Users\97rou\.m2\repository\org\seleniumhq\selenium\selenium-devtools-v120\4.16.0\selenium-devtools-v120-4.16.0.jar;C:\Users\97rou\.m2\repository\org\seleniumhq\selenium\selenium-devtools-v85\4.16.0\selenium-devtools-v85-4.16.0.jar;C:\Users\97rou\.m2\repository\org\seleniumhq\selenium\selenium-edge-driver\4.16.0\selenium-edge-driver-4.16.0.jar;C:\Users\97rou\.m2\repository\org\seleniumhq\selenium\selenium-firefox-driver\4.16.0\selenium-firefox-driver-4.16.0.jar;C:\Users\97rou\.m2\repository\org\seleniumhq\selenium\selenium-http\4.16.0\selenium-http-4.16.0.jar;C:\Users\97rou\.m2\repository\dev\failsafe\failsafe\3.3.2\failsafe-3.3.2.jar;C:\Users\97rou\.m2\repository\org\seleniumhq\selenium\selenium-ie-driver\4.16.0\selenium-ie-driver-4.16.0.jar;C:\Users\97rou\.m2\repository\org\seleniumhq\selenium\selenium-remote-driver\4.16.0\selenium-remote-driver-4.16.0.jar;C:\Users\97rou\.m2\repository\com\google\guava\guava\32.1.2-jre\guava-32.1.2-jre.jar;C:\Users\97rou\.m2\repository\com\google\guava\failureaccess\1.0.1\failureaccess-1.0.1.jar;C:\Users\97rou\.m2\repository\com\google\guava\listenablefuture\9999.0-empty-to-avoid-conflict-with-guava\listenablefuture-9999.0-empty-to-avoid-conflict-with-guava.jar;C:\Users\97rou\.m2\repository\com\google\code\findbugs\jsr305\3.0.2\jsr305-3.0.2.jar;C:\Users\97rou\.m2\repository\org\checkerframework\checker-qual\3.33.0\checker-qual-3.33.0.jar;C:\Users\97rou\.m2\repository\com\google\errorprone\error_prone_annotations\2.18.0\error_prone_annotations-2.18.0.jar;C:\Users\97rou\.m2\repository\com\google\j2objc\j2objc-annotations\2.8\j2objc-annotations-2.8.jar;C:\Users\97rou\.m2\repository\io\opentelemetry\opentelemetry-api\1.28.0\opentelemetry-api-1.28.0.jar;C:\Users\97rou\.m2\repository\io\opentelemetry\opentelemetry-context\1.28.0\opentelemetry-context-1.28.0.jar;C:\Users\97rou\.m2\repository\io\opentelemetry\opentelemetry-exporter-logging\1.28.0\opentelemetry-exporter-logging-1.28.0.jar;C:\Users\97rou\.m2\repository\io\opentelemetry\opentelemetry-sdk-metrics\1.28.0\opentelemetry-sdk-metrics-1.28.0.jar;C:\Users\97rou\.m2\repository\io\opentelemetry\opentelemetry-extension-incubator\1.28.0-alpha\opentelemetry-extension-incubator-1.28.0-alpha.jar;C:\Users\97rou\.m2\repository\io\opentelemetry\opentelemetry-sdk-logs\1.28.0\opentelemetry-sdk-logs-1.28.0.jar;C:\Users\97rou\.m2\repository\io\opentelemetry\opentelemetry-sdk-common\1.28.0\opentelemetry-sdk-common-1.28.0.jar;C:\Users\97rou\.m2\repository\io\opentelemetry\opentelemetry-sdk-extension-autoconfigure-spi\1.28.0\opentelemetry-sdk-extension-autoconfigure-spi-1.28.0.jar;C:\Users\97rou\.m2\repository\io\opentelemetry\opentelemetry-sdk-extension-autoconfigure\1.28.0\opentelemetry-sdk-extension-autoconfigure-1.28.0.jar;C:\Users\97rou\.m2\repository\io\opentelemetry\opentelemetry-api-events\1.28.0-alpha\opentelemetry-api-events-1.28.0-alpha.jar;C:\Users\97rou\.m2\repository\io\opentelemetry\opentelemetry-sdk-trace\1.28.0\opentelemetry-sdk-trace-1.28.0.jar;C:\Users\97rou\.m2\repository\io\opentelemetry\opentelemetry-sdk\1.28.0\opentelemetry-sdk-1.28.0.jar;C:\Users\97rou\.m2\repository\io\opentelemetry\opentelemetry-semconv\1.28.0-alpha\opentelemetry-semconv-1.28.0-alpha.jar;C:\Users\97rou\.m2\repository\net\bytebuddy\byte-buddy\1.14.5\byte-buddy-1.14.5.jar;C:\Users\97rou\.m2\repository\org\seleniumhq\selenium\selenium-os\4.16.0\selenium-os-4.16.0.jar;C:\Users\97rou\.m2\repository\org\apache\commons\commons-exec\1.3\commons-exec-1.3.jar;C:\Users\97rou\.m2\repository\org\seleniumhq\selenium\selenium-safari-driver\4.16.0\selenium-safari-driver-4.16.0.jar;C:\Users\97rou\.m2\repository\org\seleniumhq\selenium\selenium-support\4.16.0\selenium-support-4.16.0.jar;C:\Users\97rou\.m2\repository\ch\qos\logback\logback-classic\1.4.14\logback-classic-1.4.14.jar;C:\Users\97rou\.m2\repository\ch\qos\logback\logback-core\1.4.14\logback-core-1.4.14.jar;C:\Users\97rou\.m2\repository\org\slf4j\slf4j-api\2.0.7\slf4j-api-2.0.7.jar;C:\Users\97rou\.m2\repository\io\github\bonigarcia\webdrivermanager\5.5.3\webdrivermanager-5.5.3.jar;C:\Users\97rou\.m2\repository\com\google\code\gson\gson\2.10.1\gson-2.10.1.jar;C:\Users\97rou\.m2\repository\com\github\docker-java\docker-java\3.3.3\docker-java-3.3.3.jar;C:\Users\97rou\.m2\repository\com\github\docker-java\docker-java-core\3.3.3\docker-java-core-3.3.3.jar;C:\Users\97rou\.m2\repository\com\github\docker-java\docker-java-api\3.3.3\docker-java-api-3.3.3.jar;C:\Users\97rou\.m2\repository\commons-io\commons-io\2.6\commons-io-2.6.jar;C:\Users\97rou\.m2\repository\org\apache\commons\commons-compress\1.21\commons-compress-1.21.jar;C:\Users\97rou\.m2\repository\org\bouncycastle\bcpkix-jdk18on\1.75\bcpkix-jdk18on-1.75.jar;C:\Users\97rou\.m2\repository\org\bouncycastle\bcprov-jdk18on\1.75\bcprov-jdk18on-1.75.jar;C:\Users\97rou\.m2\repository\org\bouncycastle\bcutil-jdk18on\1.75\bcutil-jdk18on-1.75.jar;C:\Users\97rou\.m2\repository\org\slf4j\jcl-over-slf4j\1.7.30\jcl-over-slf4j-1.7.30.jar;C:\Users\97rou\.m2\repository\com\github\docker-java\docker-java-transport-httpclient5\3.3.3\docker-java-transport-httpclient5-3.3.3.jar;C:\Users\97rou\.m2\repository\com\github\docker-java\docker-java-transport\3.3.3\docker-java-transport-3.3.3.jar;C:\Users\97rou\.m2\repository\net\java\dev\jna\jna\5.12.1\jna-5.12.1.jar;C:\Users\97rou\.m2\repository\org\brotli\dec\0.1.2\dec-0.1.2.jar;C:\Users\97rou\.m2\repository\org\apache\commons\commons-lang3\3.13.0\commons-lang3-3.13.0.jar;C:\Users\97rou\.m2\repository\org\apache\httpcomponents\client5\httpclient5\5.2.1\httpclient5-5.2.1.jar;C:\Users\97rou\.m2\repository\org\apache\httpcomponents\core5\httpcore5\5.2\httpcore5-5.2.jar;C:\Users\97rou\.m2\repository\org\apache\httpcomponents\core5\httpcore5-h2\5.2\httpcore5-h2-5.2.jar;C:\Users\97rou\.m2\repository\com\fasterxml\jackson\core\jackson-databind\2.16.1\jackson-databind-2.16.1.jar;C:\Users\97rou\.m2\repository\com\fasterxml\jackson\core\jackson-annotations\2.16.1\jackson-annotations-2.16.1.jar;C:\Users\97rou\.m2\repository\com\fasterxml\jackson\core\jackson-core\2.16.1\jackson-core-2.16.1.jar;C:\Users\97rou\.m2\repository\org\testng\testng\7.9.0\testng-7.9.0.jar;C:\Users\97rou\.m2\repository\com\beust\jcommander\1.82\jcommander-1.82.jar;C:\Users\97rou\.m2\repository\org\webjars\jquery\3.7.1\jquery-3.7.1.jar;"/>
    <property name="sun.cpu.endian" value="little"/>
    <property name="user.home" value="C:\Users\97rou"/>
    <property name="user.language" value="en"/>
    <property name="java.specification.vendor" value="Oracle Corporation"/>
    <property name="java.version.date" value="2021-09-14"/>
    <property name="java.home" value="C:\Program Files\Java\jdk-17"/>
    <property name="file.separator" value="\"/>
    <property name="basedir" value="C:\CTS_Project\Selenium-Docker"/>
    <property name="java.vm.compressedOopsMode" value="32-bit"/>
    <property name="line.separator" value="&#10;"/>
    <property name="java.vm.specification.vendor" value="Oracle Corporation"/>
    <property name="java.specification.name" value="Java Platform API Specification"/>
    <property name="surefire.real.class.path" value="C:\Users\97rou\AppData\Local\Temp\surefire13140245101616140836\surefirebooter-20240220205720685_3.jar"/>
    <property name="user.script" value=""/>
    <property name="sun.management.compiler" value="HotSpot 64-Bit Tiered Compilers"/>
    <property name="java.runtime.version" value="17+35-LTS-2724"/>
    <property name="user.name" value="97rou"/>
    <property name="path.separator" value=";"/>
    <property name="otel.metrics.exporter" value="none"/>
    <property name="os.version" value="10.0"/>
    <property name="java.runtime.name" value="Java(TM) SE Runtime Environment"/>
    <property name="otel.traces.exporter" value="none"/>
    <property name="file.encoding" value="Cp1252"/>
    <property name="browser" value="chrome"/>
    <property name="java.vm.name" value="Java HotSpot(TM) 64-Bit Server VM"/>
    <property name="localRepository" value="C:\Users\97rou\.m2\repository"/>
    <property name="java.vendor.url.bug" value="https://bugreport.java.com/bugreport/"/>
    <property name="otel.logs.exporter" value="none"/>
    <property name="java.io.tmpdir" value="C:\Users\97rou\AppData\Local\Temp\"/>
    <property name="java.version" value="17"/>
    <property name="user.dir" value="C:\CTS_Project\Selenium-Docker"/>
    <property name="os.arch" value="amd64"/>
    <property name="java.vm.specification.name" value="Java Virtual Machine Specification"/>
    <property name="selenium.grid.enabled" value="true"/>
    <property name="sun.os.patch.level" value=""/>
    <property name="native.encoding" value="Cp1252"/>
    <property name="java.library.path" value="C:\Program Files\Java\jdk-17\bin;C:\WINDOWS\Sun\Java\bin;C:\WINDOWS\system32;C:\WINDOWS;C:\Users\97rou\AppData\Local\Programs\Python\Python310\Scripts\;C:\Users\97rou\AppData\Local\Programs\Python\Python310\;C:\Program Files\Common Files\Oracle\Java\javapath;C:\WINDOWS\system32;C:\WINDOWS;C:\WINDOWS\System32\Wbem;C:\WINDOWS\System32\WindowsPowerShell\v1.0\;C:\WINDOWS\System32\OpenSSH\;C:\Program Files\Java\jdk-17\bin;C:\Maven\apache-maven-3.8.4\bin;C:\Program Files\nodejs\;C:\ProgramData\chocolatey\bin;C:\Program Files\Git\cmd;C:\Users\97rou\AppData\Local\Android\Sdk\tools\bin;C:\Users\97rou\AppData\Local\Android\Sdk\tools;C:\Users\97rou\AppData\Local\Android\Sdk\platform-tools;;C:\Program Files\Docker\Docker\resources\bin;C:\Program Files\MySQL\MySQL Shell 8.0\bin\;C:\Users\97rou\AppData\Local\Microsoft\WindowsApps;;C:\Users\97rou\AppData\Local\Programs\Microsoft VS Code\bin;C:\Users\97rou\AppData\Roaming\npm;."/>
    <property name="java.vm.info" value="mixed mode, sharing"/>
    <property name="java.vendor" value="Oracle Corporation"/>
    <property name="java.vm.version" value="17+35-LTS-2724"/>
    <property name="sun.io.unicode.encoding" value="UnicodeLittle"/>
    <property name="java.class.version" value="61.0"/>
  </properties>
  <testcase name="userRegisterationTest" classname="com.seldocker.Test.FlightReservationTest" time="4.058">
    <system-out><![CDATA[20:57:21.817 INFO  [           main] &amp#27;[36mc.s.util.ResourceLoader       &amp#27;[0;39m : Reading resource from location: config/config.properties
20:57:21.825 INFO  [           main] &amp#27;[36mcom.seldocker.util.Config     &amp#27;[0;39m : Test Properties
20:57:21.825 INFO  [           main] &amp#27;[36mcom.seldocker.util.Config     &amp#27;[0;39m : selenium.grid.urlFormate=http://%s:4444/wd/hub
20:57:21.825 INFO  [           main] &amp#27;[36mcom.seldocker.util.Config     &amp#27;[0;39m : browser=chrome
20:57:21.825 INFO  [           main] &amp#27;[36mcom.seldocker.util.Config     &amp#27;[0;39m : selenium.grid.enabled=true
20:57:21.825 INFO  [           main] &amp#27;[36mcom.seldocker.util.Config     &amp#27;[0;39m : flightReservation.url=https://d1uh9e7cu07ukd.cloudfront.net/selenium-docker/reservation-app/index.html
20:57:21.826 INFO  [           main] &amp#27;[36mcom.seldocker.util.Config     &amp#27;[0;39m : vendorProtal.url=https://d1uh9e7cu07ukd.cloudfront.net/selenium-docker/vendor-app/index.html
20:57:21.826 INFO  [           main] &amp#27;[36mcom.seldocker.util.Config     &amp#27;[0;39m : selenium.grid.hubHost=localhost
20:57:27.172 INFO  [ TestNG-tests-1] &amp#27;[36mc.s.util.ResourceLoader       &amp#27;[0;39m : Reading resource from location: test-data/flight-reservation/passenger1.json
20:57:27.172 INFO  [ TestNG-tests-2] &amp#27;[36mc.s.util.ResourceLoader       &amp#27;[0;39m : Reading resource from location: test-data/flight-reservation/passenger2.json
]]></system-out>
    <system-err><![CDATA[Feb 20, 2024 8:57:21 PM org.openqa.selenium.remote.tracing.opentelemetry.OpenTelemetryTracer createTracer
INFO: Using OpenTelemetry for tracing
]]></system-err>
  </testcase>
  <testcase name="userRegisterationTest" classname="com.seldocker.Test.FlightReservationTest" time="0.072"/>
  <testcase name="userRegisterationTest" classname="com.seldocker.Test.FlightReservationTest" time="2.29">
    <system-out><![CDATA[20:57:41.116 INFO  [ TestNG-tests-1] &amp#27;[36mc.s.util.ResourceLoader       &amp#27;[0;39m : Reading resource from location: test-data/flight-reservation/passenger4.json
]]></system-out>
  </testcase>
  <testcase name="userRegisterationTest" classname="com.seldocker.Test.FlightReservationTest" time="0.597"/>
  <testcase name="registertationConfirmationPage" classname="com.seldocker.Test.FlightReservationTest" time="1.617"/>
  <testcase name="registertationConfirmationPage" classname="com.seldocker.Test.FlightReservationTest" time="0.453"/>
  <testcase name="registertationConfirmationPage" classname="com.seldocker.Test.FlightReservationTest" time="0.437"/>
  <testcase name="registertationConfirmationPage" classname="com.seldocker.Test.FlightReservationTest" time="1.274"/>
  <testcase name="flightsearch" classname="com.seldocker.Test.FlightReservationTest" time="1.161"/>
  <testcase name="flightsearch" classname="com.seldocker.Test.FlightReservationTest" time="0.121"/>
  <testcase name="flightsearch" classname="com.seldocker.Test.FlightReservationTest" time="0.239"/>
  <testcase name="flightsearch" classname="com.seldocker.Test.FlightReservationTest" time="1.067"/>
  <testcase name="flightSelection" classname="com.seldocker.Test.FlightReservationTest" time="1.049"/>
  <testcase name="flightSelection" classname="com.seldocker.Test.FlightReservationTest" time="1.758"/>
  <testcase name="flightSelection" classname="com.seldocker.Test.FlightReservationTest" time="1.774"/>
  <testcase name="flightSelection" classname="com.seldocker.Test.FlightReservationTest" time="2.417"/>
  <testcase name="flightReservationConfirmation" classname="com.seldocker.Test.FlightReservationTest" time="1.51">
    <system-out><![CDATA[20:57:37.249 INFO  [ TestNG-tests-2] &amp#27;[36mc.s.P.f.FlightConfirmation    &amp#27;[0;39m : Flight Confimration: 2024-2-1708442856867
20:57:37.250 INFO  [ TestNG-tests-2] &amp#27;[36mc.s.P.f.FlightConfirmation    &amp#27;[0;39m : Flight Price: $1169 USD
]]></system-out>
  </testcase>
  <testcase name="flightReservationConfirmation" classname="com.seldocker.Test.FlightReservationTest" time="0.277">
    <system-out><![CDATA[20:57:39.406 INFO  [ TestNG-tests-2] &amp#27;[36mc.s.util.ResourceLoader       &amp#27;[0;39m : Reading resource from location: test-data/flight-reservation/passenger3.json
20:57:39.635 INFO  [ TestNG-tests-1] &amp#27;[36mc.s.P.f.FlightConfirmation    &amp#27;[0;39m : Flight Confimration: 2024-2-1708442859148
20:57:39.635 INFO  [ TestNG-tests-1] &amp#27;[36mc.s.P.f.FlightConfirmation    &amp#27;[0;39m : Flight Price: $584 USD
]]></system-out>
  </testcase>
  <testcase name="flightReservationConfirmation" classname="com.seldocker.Test.FlightReservationTest" time="0.941">
    <system-out><![CDATA[20:57:48.621 INFO  [ TestNG-tests-2] &amp#27;[36mc.s.P.f.FlightConfirmation    &amp#27;[0;39m : Flight Confimration: 2024-2-1708442868351
20:57:48.621 INFO  [ TestNG-tests-2] &amp#27;[36mc.s.P.f.FlightConfirmation    &amp#27;[0;39m : Flight Price: $1753 USD
]]></system-out>
  </testcase>
  <testcase name="flightReservationConfirmation" classname="com.seldocker.Test.FlightReservationTest" time="1.015">
    <system-out><![CDATA[20:57:52.160 INFO  [ TestNG-tests-1] &amp#27;[36mc.s.P.f.FlightConfirmation    &amp#27;[0;39m : Flight Confimration: 2024-2-1708442871665
20:57:52.160 INFO  [ TestNG-tests-1] &amp#27;[36mc.s.P.f.FlightConfirmation    &amp#27;[0;39m : Flight Price: $2338 USD
]]></system-out>
  </testcase>
  <testcase name="loginPage" classname="com.seldocker.Test.VendorPortalTest" time="1.211">
    <system-out><![CDATA[20:57:52.343 INFO  [           main] &amp#27;[36mc.s.util.ResourceLoader       &amp#27;[0;39m : Reading resource from location: config/config.properties
20:57:52.344 INFO  [           main] &amp#27;[36mcom.seldocker.util.Config     &amp#27;[0;39m : Test Properties
20:57:52.345 INFO  [           main] &amp#27;[36mcom.seldocker.util.Config     &amp#27;[0;39m : selenium.grid.urlFormate=http://%s:4444/wd/hub
20:57:52.345 INFO  [           main] &amp#27;[36mcom.seldocker.util.Config     &amp#27;[0;39m : browser=chrome
20:57:52.345 INFO  [           main] &amp#27;[36mcom.seldocker.util.Config     &amp#27;[0;39m : selenium.grid.enabled=true
20:57:52.345 INFO  [           main] &amp#27;[36mcom.seldocker.util.Config     &amp#27;[0;39m : flightReservation.url=https://d1uh9e7cu07ukd.cloudfront.net/selenium-docker/reservation-app/index.html
20:57:52.345 INFO  [           main] &amp#27;[36mcom.seldocker.util.Config     &amp#27;[0;39m : vendorProtal.url=https://d1uh9e7cu07ukd.cloudfront.net/selenium-docker/vendor-app/index.html
20:57:52.345 INFO  [           main] &amp#27;[36mcom.seldocker.util.Config     &amp#27;[0;39m : selenium.grid.hubHost=localhost
20:57:53.004 INFO  [ TestNG-tests-2] &amp#27;[36mc.s.util.ResourceLoader       &amp#27;[0;39m : Reading resource from location: test-data/vendor-portal/mike.json
20:57:53.028 INFO  [ TestNG-tests-1] &amp#27;[36mc.s.util.ResourceLoader       &amp#27;[0;39m : Reading resource from location: test-data/vendor-portal/sam.json
]]></system-out>
  </testcase>
  <testcase name="loginPage" classname="com.seldocker.Test.VendorPortalTest" time="0.103"/>
  <testcase name="loginPage" classname="com.seldocker.Test.VendorPortalTest" time="1.315">
    <system-out><![CDATA[20:57:59.168 INFO  [ TestNG-tests-1] &amp#27;[36mc.s.util.ResourceLoader       &amp#27;[0;39m : Reading resource from location: test-data/vendor-portal/john.json
]]></system-out>
  </testcase>
  <testcase name="dashBoardTest" classname="com.seldocker.Test.VendorPortalTest" time="4.149">
    <system-out><![CDATA[20:57:56.975 INFO  [ TestNG-tests-1] &amp#27;[36mc.s.P.v.DashBoardpage         &amp#27;[0;39m : Result Count 8
20:57:57.544 INFO  [ TestNG-tests-2] &amp#27;[36mc.s.P.v.DashBoardpage         &amp#27;[0;39m : Result Count 10
]]></system-out>
  </testcase>
  <testcase name="dashBoardTest" classname="com.seldocker.Test.VendorPortalTest" time="4.544"/>
  <testcase name="dashBoardTest" classname="com.seldocker.Test.VendorPortalTest" time="2.797">
    <failure message="expected [1] but found [0]" type="java.lang.AssertionError"><![CDATA[java.lang.AssertionError: expected [1] but found [0]
	at org.testng.Assert.fail(Assert.java:111)
	at org.testng.Assert.failNotEquals(Assert.java:1578)
	at org.testng.Assert.assertEqualsImpl(Assert.java:150)
	at org.testng.Assert.assertEquals(Assert.java:132)
	at org.testng.Assert.assertEquals(Assert.java:1419)
	at org.testng.Assert.assertEquals(Assert.java:1383)
	at org.testng.Assert.assertEquals(Assert.java:1429)
	at com.seldocker.Test.VendorPortalTest.dashBoardTest(VendorPortalTest.java:50)
	at java.base/jdk.internal.reflect.NativeMethodAccessorImpl.invoke0(Native Method)
	at java.base/jdk.internal.reflect.NativeMethodAccessorImpl.invoke(NativeMethodAccessorImpl.java:77)
	at java.base/jdk.internal.reflect.DelegatingMethodAccessorImpl.invoke(DelegatingMethodAccessorImpl.java:43)
	at java.base/java.lang.reflect.Method.invoke(Method.java:568)
	at org.testng.internal.invokers.MethodInvocationHelper.invokeMethod(MethodInvocationHelper.java:139)
	at org.testng.internal.invokers.TestInvoker.invokeMethod(TestInvoker.java:664)
	at org.testng.internal.invokers.TestInvoker.invokeTestMethod(TestInvoker.java:228)
	at org.testng.internal.invokers.MethodRunner.runInSequence(MethodRunner.java:63)
	at org.testng.internal.invokers.TestInvoker$MethodInvocationAgent.invoke(TestInvoker.java:961)
	at org.testng.internal.invokers.TestInvoker.invokeTestMethods(TestInvoker.java:201)
	at org.testng.internal.invokers.TestMethodWorker.invokeTestMethods(TestMethodWorker.java:148)
	at org.testng.internal.invokers.TestMethodWorker.run(TestMethodWorker.java:128)
	at java.base/java.util.ArrayList.forEach(ArrayList.java:1511)
	at org.testng.TestRunner.privateRun(TestRunner.java:819)
	at org.testng.TestRunner.run(TestRunner.java:619)
	at org.testng.SuiteRunner.runTest(SuiteRunner.java:443)
	at org.testng.SuiteRunner$SuiteWorker.run(SuiteRunner.java:481)
	at org.testng.internal.thread.ThreadUtil.lambda$execute$0(ThreadUtil.java:58)
	at java.base/java.util.concurrent.FutureTask.run(FutureTask.java:264)
	at java.base/java.util.concurrent.ThreadPoolExecutor.runWorker(ThreadPoolExecutor.java:1136)
	at java.base/java.util.concurrent.ThreadPoolExecutor$Worker.run(ThreadPoolExecutor.java:635)
	at java.base/java.lang.Thread.run(Thread.java:833)
]]></failure>
    <system-out><![CDATA[20:58:03.276 INFO  [ TestNG-tests-1] &amp#27;[36mc.s.P.v.DashBoardpage         &amp#27;[0;39m : Result Count 0
]]></system-out>
  </testcase>
</testsuite>