<?xml version="1.0" encoding="UTF-8"?>
<!-- Generated by org.testng.reporters.JUnitReportReporter -->
<testsuite hostname="LAPTOP-FA2GR7UQ" failures="0" tests="20" name="com.seldocker.Test.FlightReservationTest" time="47.738" errors="0" timestamp="2024-02-20T18:56:30 IST" skipped="0">
  <testcase classname="com.seldocker.Test.FlightReservationTest" name="flightReservationConfirmation" time="1.607"/>
  <system-out/>
  <testcase classname="com.seldocker.Test.FlightReservationTest" name="userRegisterationTest" time="4.774"/>
  <system-out/>
  <testcase classname="com.seldocker.Test.FlightReservationTest" name="flightSelection" time="3.171"/>
  <system-out/>
  <testcase classname="com.seldocker.Test.FlightReservationTest" name="flightsearch" time="1.210"/>
  <system-out/>
  <testcase classname="com.seldocker.Test.FlightReservationTest" name="flightReservationConfirmation" time="1.403"/>
  <system-out/>
  <testcase classname="com.seldocker.Test.FlightReservationTest" name="flightsearch" time="1.875"/>
  <system-out/>
  <testcase classname="com.seldocker.Test.FlightReservationTest" name="flightSelection" time="2.398"/>
  <system-out/>
  <testcase classname="com.seldocker.Test.FlightReservationTest" name="flightsearch" time="3.057"/>
  <system-out/>
  <testcase classname="com.seldocker.Test.FlightReservationTest" name="registertationConfirmationPage" time="2.170"/>
  <system-out/>
  <testcase classname="com.seldocker.Test.FlightReservationTest" name="flightsearch" time="2.517"/>
  <system-out/>
  <testcase classname="com.seldocker.Test.FlightReservationTest" name="registertationConfirmationPage" time="1.051"/>
  <system-out/>
  <testcase classname="com.seldocker.Test.FlightReservationTest" name="flightReservationConfirmation" time="0.959"/>
  <system-out/>
  <testcase classname="com.seldocker.Test.FlightReservationTest" name="registertationConfirmationPage" time="0.353"/>
  <system-out/>
  <testcase classname="com.seldocker.Test.FlightReservationTest" name="userRegisterationTest" time="4.326"/>
  <system-out/>
  <testcase classname="com.seldocker.Test.FlightReservationTest" name="userRegisterationTest" time="4.695"/>
  <system-out/>
  <testcase classname="com.seldocker.Test.FlightReservationTest" name="flightSelection" time="2.473"/>
  <system-out/>
  <testcase classname="com.seldocker.Test.FlightReservationTest" name="flightReservationConfirmation" time="2.555"/>
  <system-out/>
  <testcase classname="com.seldocker.Test.FlightReservationTest" name="userRegisterationTest" time="3.847"/>
  <system-out/>
  <testcase classname="com.seldocker.Test.FlightReservationTest" name="registertationConfirmationPage" time="2.218"/>
  <system-out/>
  <testcase classname="com.seldocker.Test.FlightReservationTest" name="flightSelection" time="1.079"/>
  <system-out/>
</testsuite> <!-- com.seldocker.Test.FlightReservationTest -->
