<?xml version="1.0" encoding="UTF-8"?>
<!-- Generated by org.testng.reporters.JUnitReportReporter -->
<testsuite hostname="LAPTOP-FA2GR7UQ" failures="0" tests="6" name="com.seldocker.Test.VendorPortalTest" time="16.937" errors="0" timestamp="2024-02-20T18:45:54 IST" skipped="0">
  <testcase classname="com.seldocker.Test.VendorPortalTest" name="loginPage" time="1.515"/>
  <system-out/>
  <testcase classname="com.seldocker.Test.VendorPortalTest" name="loginPage" time="1.517"/>
  <system-out/>
  <testcase classname="com.seldocker.Test.VendorPortalTest" name="dashBoardTest" time="3.715"/>
  <system-out/>
  <testcase classname="com.seldocker.Test.VendorPortalTest" name="dashBoardTest" time="4.871"/>
  <system-out/>
  <testcase classname="com.seldocker.Test.VendorPortalTest" name="loginPage" time="1.604"/>
  <system-out/>
  <testcase classname="com.seldocker.Test.VendorPortalTest" name="dashBoardTest" time="3.715"/>
  <system-out/>
</testsuite> <!-- com.seldocker.Test.VendorPortalTest -->
